<?xml version="1.0" encoding="UTF-8"?>
<!-- Generated by org.testng.reporters.JUnitReportReporter -->
<testsuite hostname="DELL" failures="0" tests="4" name="test.TestCalculator" time="14.236" errors="0" timestamp="2023-03-03T21:36:27 ICT" skipped="0">
  <testcase classname="test.TestCalculator" name="testAdd" time="4.509"/>
  <system-out/>
  <testcase classname="test.TestCalculator" name="testMul" time="3.298"/>
  <system-out/>
  <testcase classname="test.TestCalculator" name="testSub" time="3.166"/>
  <system-out/>
  <testcase classname="test.TestCalculator" name="testDiv" time="3.263"/>
  <system-out/>
</testsuite> <!-- test.TestCalculator -->
